# Logfile created on 2021-06-26 03:36:38 +0800 by logger.rb/66358
  INFO ---------------------------------------------------------------------------
  INFO START 2021-06-26 03:36:38 +0800 cap production deploy
  INFO ---------------------------------------------------------------------------
  INFO [9e1b1c22] Running /usr/bin/env mkdir -p /tmp as cccjferrer@da05.qabana.nl
 DEBUG [9e1b1c22] Command: /usr/bin/env mkdir -p /tmp
  INFO [9e1b1c22] Finished in 3.969 seconds with exit status 0 (successful).
 DEBUG Uploading /tmp/git-ssh-utang-store-production-simpl.sh 0.0%
  INFO Uploading /tmp/git-ssh-utang-store-production-simpl.sh 100.0%
  INFO [eef82480] Running /usr/bin/env chmod 700 /tmp/git-ssh-utang-store-production-simpl.sh as cccjferrer@da05.qabana.nl
 DEBUG [eef82480] Command: /usr/bin/env chmod 700 /tmp/git-ssh-utang-store-production-simpl.sh
  INFO [eef82480] Finished in 0.882 seconds with exit status 0 (successful).
  INFO [6a70535a] Running /usr/bin/env git ls-remote git@github.com:simplyniceweb/utang-store.git HEAD as cccjferrer@da05.qabana.nl
 DEBUG [6a70535a] Command: ( export GIT_ASKPASS="/bin/echo" GIT_SSH="/tmp/git-ssh-utang-store-production-simpl.sh" ; /usr/bin/env git ls-remote git@github.com:simplyniceweb/utang-store.git HEAD )
 DEBUG [6a70535a] 	Warning: Permanently added 'github.com,140.82.121.4' (RSA) to the list of known hosts.
 DEBUG [6a70535a] 	git@github.com: Permission denied (publickey).
 DEBUG [6a70535a] 	fatal: Could not read from remote repository.

Please make sure you have the correct access rights
and the repository exists.
  INFO ---------------------------------------------------------------------------
  INFO START 2021-06-26 03:46:45 +0800 cap production deploy
  INFO ---------------------------------------------------------------------------
  INFO [af5352cf] Running /usr/bin/env mkdir -p /tmp as cccjferrer@da05.qabana.nl
 DEBUG [af5352cf] Command: /usr/bin/env mkdir -p /tmp
  INFO [af5352cf] Finished in 3.398 seconds with exit status 0 (successful).
 DEBUG Uploading /tmp/git-ssh-utang-store-production-simpl.sh 0.0%
  INFO Uploading /tmp/git-ssh-utang-store-production-simpl.sh 100.0%
  INFO [3f27bc41] Running /usr/bin/env chmod 700 /tmp/git-ssh-utang-store-production-simpl.sh as cccjferrer@da05.qabana.nl
 DEBUG [3f27bc41] Command: /usr/bin/env chmod 700 /tmp/git-ssh-utang-store-production-simpl.sh
  INFO [3f27bc41] Finished in 0.873 seconds with exit status 0 (successful).
  INFO [10ed9c13] Running /usr/bin/env git ls-remote git@github.com:simplyniceweb/utang-store.git HEAD as cccjferrer@da05.qabana.nl
 DEBUG [10ed9c13] Command: ( export GIT_ASKPASS="/bin/echo" GIT_SSH="/tmp/git-ssh-utang-store-production-simpl.sh" ; /usr/bin/env git ls-remote git@github.com:simplyniceweb/utang-store.git HEAD )
 DEBUG [10ed9c13] 	git@github.com: Permission denied (publickey).
 DEBUG [10ed9c13] 	fatal: Could not read from remote repository.

Please make sure you have the correct access rights
and the repository exists.
  INFO ---------------------------------------------------------------------------
  INFO START 2021-06-26 03:55:08 +0800 cap production deploy
  INFO ---------------------------------------------------------------------------
  INFO [f1b4d1f0] Running /usr/bin/env mkdir -p /tmp as cccjferrer@da05.qabana.nl
 DEBUG [f1b4d1f0] Command: /usr/bin/env mkdir -p /tmp
  INFO [f1b4d1f0] Finished in 3.440 seconds with exit status 0 (successful).
 DEBUG Uploading /tmp/git-ssh-utang-store-production-simpl.sh 0.0%
  INFO Uploading /tmp/git-ssh-utang-store-production-simpl.sh 100.0%
  INFO [f18727b1] Running /usr/bin/env chmod 700 /tmp/git-ssh-utang-store-production-simpl.sh as cccjferrer@da05.qabana.nl
 DEBUG [f18727b1] Command: /usr/bin/env chmod 700 /tmp/git-ssh-utang-store-production-simpl.sh
  INFO [f18727b1] Finished in 0.880 seconds with exit status 0 (successful).
  INFO [238fa7e7] Running /usr/bin/env git ls-remote git@github.com:simplyniceweb/utang-store.git HEAD as cccjferrer@da05.qabana.nl
 DEBUG [238fa7e7] Command: ( export GIT_ASKPASS="/bin/echo" GIT_SSH="/tmp/git-ssh-utang-store-production-simpl.sh" ; /usr/bin/env git ls-remote git@github.com:simplyniceweb/utang-store.git HEAD )
 DEBUG [238fa7e7] 	Warning: Permanently added the RSA host key for IP address '140.82.121.3' to the list of known hosts.
 DEBUG [238fa7e7] 	git@github.com: Permission denied (publickey).
 DEBUG [238fa7e7] 	fatal: Could not read from remote repository.

Please make sure you have the correct access rights
and the repository exists.
  INFO ---------------------------------------------------------------------------
  INFO START 2021-06-28 15:29:39 +0800 cap production deploy
  INFO ---------------------------------------------------------------------------
  INFO [cc288440] Running /usr/bin/env mkdir -p /tmp as cccjferrer@da05.qabana.nl
 DEBUG [cc288440] Command: /usr/bin/env mkdir -p /tmp
  INFO [cc288440] Finished in 4.834 seconds with exit status 0 (successful).
 DEBUG Uploading /tmp/git-ssh-utang-store-production-simpl.sh 0.0%
  INFO Uploading /tmp/git-ssh-utang-store-production-simpl.sh 100.0%
  INFO [7ba1ee15] Running /usr/bin/env chmod 700 /tmp/git-ssh-utang-store-production-simpl.sh as cccjferrer@da05.qabana.nl
 DEBUG [7ba1ee15] Command: /usr/bin/env chmod 700 /tmp/git-ssh-utang-store-production-simpl.sh
  INFO [7ba1ee15] Finished in 1.145 seconds with exit status 0 (successful).
  INFO [0fce8223] Running /usr/bin/env git ls-remote git@github.com:simplyniceweb/utang-store.git HEAD as cccjferrer@da05.qabana.nl
 DEBUG [0fce8223] Command: ( export GIT_ASKPASS="/bin/echo" GIT_SSH="/tmp/git-ssh-utang-store-production-simpl.sh" ; /usr/bin/env git ls-remote git@github.com:simplyniceweb/utang-store.git HEAD )
 DEBUG [0fce8223] 	git@github.com: Permission denied (publickey).
 DEBUG [0fce8223] 	fatal: Could not read from remote repository.

Please make sure you have the correct access rights
and the repository exists.
  INFO ---------------------------------------------------------------------------
  INFO START 2021-06-28 15:43:17 +0800 cap production deploy
  INFO ---------------------------------------------------------------------------
  INFO [ac5c878c] Running /usr/bin/env mkdir -p /tmp as cccjferrer@da05.qabana.nl
 DEBUG [ac5c878c] Command: /usr/bin/env mkdir -p /tmp
  INFO [ac5c878c] Finished in 4.393 seconds with exit status 0 (successful).
 DEBUG Uploading /tmp/git-ssh-utang-store-production-simpl.sh 0.0%
  INFO Uploading /tmp/git-ssh-utang-store-production-simpl.sh 100.0%
  INFO [cebd1c20] Running /usr/bin/env chmod 700 /tmp/git-ssh-utang-store-production-simpl.sh as cccjferrer@da05.qabana.nl
 DEBUG [cebd1c20] Command: /usr/bin/env chmod 700 /tmp/git-ssh-utang-store-production-simpl.sh
  INFO [cebd1c20] Finished in 1.082 seconds with exit status 0 (successful).
  INFO [3f2b2fa6] Running /usr/bin/env git ls-remote git@github.com:simplyniceweb/utang-store.git HEAD as cccjferrer@da05.qabana.nl
 DEBUG [3f2b2fa6] Command: ( export GIT_ASKPASS="/bin/echo" GIT_SSH="/tmp/git-ssh-utang-store-production-simpl.sh" ; /usr/bin/env git ls-remote git@github.com:simplyniceweb/utang-store.git HEAD )
 DEBUG [3f2b2fa6] 	git@github.com: Permission denied (publickey).
 DEBUG [3f2b2fa6] 	fatal: Could not read from remote repository.

Please make sure you have the correct access rights
and the repository exists.
